

times in msec
 clock   self+sourced   self:  sourced script
 clock   elapsed:              other lines

000.062  000.062: --- NVIM STARTING ---
001.732  001.670: locale set
003.158  001.426: inits 1
003.218  000.061: window checked
003.229  000.010: parsing arguments
014.246  011.017: init lua interpreter
014.892  000.646: expanding arguments
015.027  000.135: inits 2
016.848  001.821: init highlight
016.858  000.010: waiting for UI
020.432  003.574: done waiting for UI
020.504  000.072: init screen for UI
020.644  000.140: init default mappings
020.842  000.199: init default autocommands
023.671  000.271  000.271: sourcing /usr/share/nvim/runtime/ftplugin.vim
024.042  000.156  000.156: sourcing /usr/share/nvim/runtime/indent.vim
024.349  000.040  000.040: sourcing /usr/share/nvim/archlinux.vim
024.362  000.180  000.140: sourcing /etc/xdg/nvim/sysinit.vim
028.794  003.294  003.294: sourcing /home/benjamin/.local/share/nvim/site/autoload/plug.vim
036.838  000.116  000.116: sourcing /usr/share/nvim/runtime/filetype.lua
046.528  000.024  000.024: sourcing /home/benjamin/.local/share/nvim/plugged/vim-fugitive/ftdetect/fugitive.vim
047.163  010.275  010.251: sourcing /usr/share/nvim/runtime/filetype.vim
047.427  000.017  000.017: sourcing /usr/share/nvim/runtime/ftplugin.vim
047.642  000.014  000.014: sourcing /usr/share/nvim/runtime/indent.vim
048.094  000.112  000.112: sourcing /usr/share/nvim/runtime/syntax/synload.vim
048.193  000.469  000.357: sourcing /usr/share/nvim/runtime/syntax/syntax.vim
060.075  005.377  005.377: sourcing /home/benjamin/.local/share/nvim/plugged/tokyonight.nvim/colors/tokyonight.vim
069.134  044.692  025.130: sourcing /home/benjamin/.config/nvim/init.vim
069.145  003.004: sourcing vimrc file(s)
069.618  000.116  000.116: sourcing /home/benjamin/.local/share/nvim/plugged/nvim-lspconfig/plugin/lspconfig.vim
069.779  000.042  000.042: sourcing /home/benjamin/.local/share/nvim/plugged/nvim-colorizer.lua/plugin/colorizer.vim
071.511  001.551  001.551: sourcing /home/benjamin/.local/share/nvim/plugged/vim-fugitive/plugin/fugitive.vim
071.840  000.189  000.189: sourcing /home/benjamin/.local/share/nvim/plugged/vim-commentary/plugin/commentary.vim
073.397  000.527  000.527: sourcing /home/benjamin/.local/share/nvim/plugged/vim-vsnip/autoload/vital/vsnip.vim
073.881  000.134  000.134: sourcing /home/benjamin/.local/share/nvim/plugged/vim-vsnip/autoload/vital/_vsnip/VS/LSP/Position.vim
074.068  000.034  000.034: sourcing /home/benjamin/.local/share/nvim/plugged/vim-vsnip/autoload/vital/_vsnip.vim
074.469  001.795  001.100: sourcing /home/benjamin/.local/share/nvim/plugged/vim-vsnip/autoload/vsnip/snippet.vim
074.949  000.190  000.190: sourcing /home/benjamin/.local/share/nvim/plugged/vim-vsnip/autoload/vital/_vsnip/VS/LSP/TextEdit.vim
075.413  000.109  000.109: sourcing /home/benjamin/.local/share/nvim/plugged/vim-vsnip/autoload/vital/_vsnip/VS/LSP/Text.vim
075.938  000.151  000.151: sourcing /home/benjamin/.local/share/nvim/plugged/vim-vsnip/autoload/vital/_vsnip/VS/Vim/Buffer.vim
076.365  000.076  000.076: sourcing /home/benjamin/.local/share/nvim/plugged/vim-vsnip/autoload/vital/_vsnip/VS/Vim/Option.vim
076.963  000.193  000.193: sourcing /home/benjamin/.local/share/nvim/plugged/vim-vsnip/autoload/vital/_vsnip/VS/LSP/Diff.vim
077.223  004.714  002.201: sourcing /home/benjamin/.local/share/nvim/plugged/vim-vsnip/autoload/vsnip/session.vim
077.492  005.147  000.433: sourcing /home/benjamin/.local/share/nvim/plugged/vim-vsnip/autoload/vsnip.vim
078.351  006.168  001.021: sourcing /home/benjamin/.local/share/nvim/plugged/vim-vsnip/plugin/vsnip.vim
078.856  000.250  000.250: sourcing /home/benjamin/.local/share/nvim/plugged/tabular/plugin/Tabular.vim
079.064  000.047  000.047: sourcing /home/benjamin/.local/share/nvim/plugged/plenary.nvim/plugin/plenary.vim
079.323  000.055  000.055: sourcing /home/benjamin/.local/share/nvim/plugged/nvim-web-devicons/plugin/nvim-web-devicons.vim
080.292  000.381  000.381: sourcing /usr/share/nvim/runtime/plugin/gzip.vim
080.346  000.018  000.018: sourcing /usr/share/nvim/runtime/plugin/health.vim
080.614  000.207  000.207: sourcing /usr/share/nvim/runtime/plugin/man.vim
081.742  000.254  000.254: sourcing /usr/share/nvim/runtime/pack/dist/opt/matchit/plugin/matchit.vim
081.891  001.244  000.990: sourcing /usr/share/nvim/runtime/plugin/matchit.vim
082.105  000.181  000.181: sourcing /usr/share/nvim/runtime/plugin/matchparen.vim
082.657  000.518  000.518: sourcing /usr/share/nvim/runtime/plugin/netrwPlugin.vim
082.912  000.200  000.200: sourcing /usr/share/nvim/runtime/plugin/rplugin.vim
083.095  000.135  000.135: sourcing /usr/share/nvim/runtime/plugin/shada.vim
083.184  000.034  000.034: sourcing /usr/share/nvim/runtime/plugin/spellfile.vim
083.421  000.184  000.184: sourcing /usr/share/nvim/runtime/plugin/tarPlugin.vim
083.572  000.103  000.103: sourcing /usr/share/nvim/runtime/plugin/tohtml.vim
083.634  000.026  000.026: sourcing /usr/share/nvim/runtime/plugin/tutor.vim
083.904  000.236  000.236: sourcing /usr/share/nvim/runtime/plugin/zipPlugin.vim
087.983  003.750  003.750: sourcing /home/benjamin/.local/share/nvim/plugged/nvim-treesitter/plugin/nvim-treesitter.lua
090.649  002.311  002.311: sourcing /home/benjamin/.local/share/nvim/plugged/nvim-cmp/plugin/cmp.lua
090.970  000.104  000.104: sourcing /home/benjamin/.local/share/nvim/plugged/true-zen.nvim/plugin/true-zen.lua
092.025  000.728  000.728: sourcing /home/benjamin/.local/share/nvim/plugged/telescope.nvim/plugin/telescope.lua
092.463  004.536: loading rtp plugins
092.624  000.161: loading packages
096.585  002.928  002.928: sourcing /home/benjamin/.local/share/nvim/plugged/cmp-vsnip/after/plugin/cmp_vsnip.vim
097.250  000.238  000.238: sourcing /home/benjamin/.local/share/nvim/plugged/tabular/autoload/tabular.vim
099.379  002.656  002.418: sourcing /home/benjamin/.local/share/nvim/plugged/tabular/after/plugin/TabularMaps.vim
099.842  000.321  000.321: sourcing /home/benjamin/.local/share/nvim/plugged/cmp-nvim-lsp/after/plugin/cmp_nvim_lsp.lua
100.255  000.289  000.289: sourcing /home/benjamin/.local/share/nvim/plugged/cmp-buffer/after/plugin/cmp_buffer.lua
100.524  000.142  000.142: sourcing /home/benjamin/.local/share/nvim/plugged/cmp-path/after/plugin/cmp_path.lua
100.794  000.147  000.147: sourcing /home/benjamin/.local/share/nvim/plugged/cmp-cmdline/after/plugin/cmp_cmdline.lua
100.929  001.821: loading after plugins
100.945  000.016: inits 3
104.693  003.748: reading ShaDa
104.873  000.180: opening buffers
104.915  000.042: BufEnter autocommands
104.919  000.003: editing files in windows
105.039  000.120: VimEnter autocommands
105.043  000.004: UIEnter autocommands
105.045  000.002: before starting main loop
105.491  000.447: first screen update
105.495  000.003: --- NVIM STARTED ---
