

times in msec
 clock   self+sourced   self:  sourced script
 clock   elapsed:              other lines

000.048  000.048: --- NVIM STARTING ---
001.758  001.710: locale set
003.184  001.426: inits 1
003.276  000.092: window checked
003.294  000.017: parsing arguments
016.183  012.890: init lua interpreter
016.678  000.495: expanding arguments
016.753  000.075: inits 2
017.836  001.083: init highlight
017.842  000.006: waiting for UI
020.610  002.768: done waiting for UI
020.653  000.043: init screen for UI
020.737  000.084: init default mappings
020.820  000.082: init default autocommands
022.115  000.124  000.124: sourcing /usr/share/nvim/runtime/ftplugin.vim
022.289  000.081  000.081: sourcing /usr/share/nvim/runtime/indent.vim
022.456  000.030  000.030: sourcing /usr/share/nvim/archlinux.vim
022.466  000.100  000.070: sourcing /etc/xdg/nvim/sysinit.vim
025.783  002.484  002.484: sourcing /home/benjamin/.local/share/nvim/site/autoload/plug.vim
032.319  000.093  000.093: sourcing /usr/share/nvim/runtime/filetype.lua
041.711  000.023  000.023: sourcing /home/benjamin/.local/share/nvim/plugged/vim-fugitive/ftdetect/fugitive.vim
042.303  009.898  009.875: sourcing /usr/share/nvim/runtime/filetype.vim
042.625  000.025  000.025: sourcing /usr/share/nvim/runtime/ftplugin.vim
042.850  000.015  000.015: sourcing /usr/share/nvim/runtime/indent.vim
043.297  000.117  000.117: sourcing /usr/share/nvim/runtime/syntax/synload.vim
043.400  000.421  000.305: sourcing /usr/share/nvim/runtime/syntax/syntax.vim
056.168  005.743  005.743: sourcing /home/benjamin/.local/share/nvim/plugged/tokyonight.nvim/colors/tokyonight.vim
057.025  000.570  000.570: sourcing /usr/share/nvim/runtime/syntax/nosyntax.vim
057.352  000.115  000.115: sourcing /usr/share/nvim/runtime/syntax/synload.vim
057.449  001.091  000.406: sourcing /usr/share/nvim/runtime/syntax/syntax.vim
061.867  000.653  000.653: sourcing /usr/share/nvim/runtime/ftoff.vim
065.174  000.079  000.079: sourcing /usr/share/nvim/runtime/filetype.lua
074.654  000.021  000.021: sourcing /home/benjamin/.local/share/nvim/plugged/vim-fugitive/ftdetect/fugitive.vim
075.224  010.000  009.978: sourcing /usr/share/nvim/runtime/filetype.vim
075.529  000.027  000.027: sourcing /usr/share/nvim/runtime/ftplugin.vim
075.767  000.017  000.017: sourcing /usr/share/nvim/runtime/indent.vim
114.166  091.642  061.094: sourcing /home/benjamin/.config/nvim/init.vim
114.193  001.426: sourcing vimrc file(s)
115.081  000.158  000.158: sourcing /home/benjamin/.local/share/nvim/plugged/nvim-lspconfig/plugin/lspconfig.vim
115.259  000.042  000.042: sourcing /home/benjamin/.local/share/nvim/plugged/nvim-colorizer.lua/plugin/colorizer.vim
117.027  001.574  001.574: sourcing /home/benjamin/.local/share/nvim/plugged/vim-fugitive/plugin/fugitive.vim
117.384  000.198  000.198: sourcing /home/benjamin/.local/share/nvim/plugged/vim-commentary/plugin/commentary.vim
118.770  000.421  000.421: sourcing /home/benjamin/.local/share/nvim/plugged/vim-vsnip/autoload/vital/vsnip.vim
119.173  000.141  000.141: sourcing /home/benjamin/.local/share/nvim/plugged/vim-vsnip/autoload/vital/_vsnip/VS/LSP/Position.vim
119.342  000.030  000.030: sourcing /home/benjamin/.local/share/nvim/plugged/vim-vsnip/autoload/vital/_vsnip.vim
119.704  001.492  000.900: sourcing /home/benjamin/.local/share/nvim/plugged/vim-vsnip/autoload/vsnip/snippet.vim
120.090  000.164  000.164: sourcing /home/benjamin/.local/share/nvim/plugged/vim-vsnip/autoload/vital/_vsnip/VS/LSP/TextEdit.vim
120.561  000.074  000.074: sourcing /home/benjamin/.local/share/nvim/plugged/vim-vsnip/autoload/vital/_vsnip/VS/LSP/Text.vim
121.103  000.214  000.214: sourcing /home/benjamin/.local/share/nvim/plugged/vim-vsnip/autoload/vital/_vsnip/VS/Vim/Buffer.vim
121.613  000.069  000.069: sourcing /home/benjamin/.local/share/nvim/plugged/vim-vsnip/autoload/vital/_vsnip/VS/Vim/Option.vim
122.158  000.179  000.179: sourcing /home/benjamin/.local/share/nvim/plugged/vim-vsnip/autoload/vital/_vsnip/VS/LSP/Diff.vim
122.392  004.314  002.122: sourcing /home/benjamin/.local/share/nvim/plugged/vim-vsnip/autoload/vsnip/session.vim
122.671  004.737  000.422: sourcing /home/benjamin/.local/share/nvim/plugged/vim-vsnip/autoload/vsnip.vim
123.425  005.668  000.932: sourcing /home/benjamin/.local/share/nvim/plugged/vim-vsnip/plugin/vsnip.vim
123.840  000.218  000.218: sourcing /home/benjamin/.local/share/nvim/plugged/tabular/plugin/Tabular.vim
124.025  000.042  000.042: sourcing /home/benjamin/.local/share/nvim/plugged/plenary.nvim/plugin/plenary.vim
124.252  000.047  000.047: sourcing /home/benjamin/.local/share/nvim/plugged/nvim-web-devicons/plugin/nvim-web-devicons.vim
124.897  000.024  000.024: sourcing /usr/share/nvim/runtime/plugin/gzip.vim
124.947  000.018  000.018: sourcing /usr/share/nvim/runtime/plugin/health.vim
125.087  000.111  000.111: sourcing /usr/share/nvim/runtime/plugin/man.vim
125.140  000.021  000.021: sourcing /usr/share/nvim/runtime/plugin/matchit.vim
125.187  000.018  000.018: sourcing /usr/share/nvim/runtime/plugin/matchparen.vim
125.239  000.024  000.024: sourcing /usr/share/nvim/runtime/plugin/netrwPlugin.vim
125.462  000.194  000.194: sourcing /usr/share/nvim/runtime/plugin/rplugin.vim
125.637  000.142  000.142: sourcing /usr/share/nvim/runtime/plugin/shada.vim
125.720  000.033  000.033: sourcing /usr/share/nvim/runtime/plugin/spellfile.vim
125.775  000.024  000.024: sourcing /usr/share/nvim/runtime/plugin/tarPlugin.vim
125.858  000.019  000.019: sourcing /usr/share/nvim/runtime/plugin/tohtml.vim
125.922  000.029  000.029: sourcing /usr/share/nvim/runtime/plugin/tutor.vim
125.978  000.024  000.024: sourcing /usr/share/nvim/runtime/plugin/zipPlugin.vim
129.138  002.874  002.874: sourcing /home/benjamin/.local/share/nvim/plugged/nvim-treesitter/plugin/nvim-treesitter.lua
130.415  000.907  000.907: sourcing /home/benjamin/.local/share/nvim/plugged/nvim-cmp/plugin/cmp.lua
130.695  000.066  000.066: sourcing /home/benjamin/.local/share/nvim/plugged/true-zen.nvim/plugin/true-zen.lua
131.409  000.471  000.471: sourcing /home/benjamin/.local/share/nvim/plugged/telescope.nvim/plugin/telescope.lua
131.854  004.715: loading rtp plugins
132.017  000.163: loading packages
132.523  000.146  000.146: sourcing /home/benjamin/.local/share/nvim/plugged/cmp-vsnip/after/plugin/cmp_vsnip.vim
133.146  000.230  000.230: sourcing /home/benjamin/.local/share/nvim/plugged/tabular/autoload/tabular.vim
135.219  002.578  002.348: sourcing /home/benjamin/.local/share/nvim/plugged/tabular/after/plugin/TabularMaps.vim
135.571  000.222  000.222: sourcing /home/benjamin/.local/share/nvim/plugged/cmp-nvim-lsp/after/plugin/cmp_nvim_lsp.lua
135.993  000.306  000.306: sourcing /home/benjamin/.local/share/nvim/plugged/cmp-buffer/after/plugin/cmp_buffer.lua
136.260  000.148  000.148: sourcing /home/benjamin/.local/share/nvim/plugged/cmp-path/after/plugin/cmp_path.lua
136.544  000.167  000.167: sourcing /home/benjamin/.local/share/nvim/plugged/cmp-cmdline/after/plugin/cmp_cmdline.lua
136.679  001.096: loading after plugins
136.701  000.022: inits 3
140.190  003.489: reading ShaDa
140.874  000.289  000.289: sourcing /usr/share/nvim/runtime/autoload/provider/clipboard.vim
140.902  000.423: opening buffers
140.917  000.015: BufEnter autocommands
140.920  000.003: editing files in windows
141.583  000.663: VimEnter autocommands
141.588  000.004: UIEnter autocommands
141.592  000.004: before starting main loop
143.227  001.636: first screen update
143.232  000.005: --- NVIM STARTED ---
