

times in msec
 clock   self+sourced   self:  sourced script
 clock   elapsed:              other lines

000.072  000.072: --- NVIM STARTING ---
002.065  001.993: locale set
003.711  001.646: inits 1
003.781  000.069: window checked
003.792  000.012: parsing arguments
013.655  009.862: init lua interpreter
014.085  000.431: expanding arguments
014.158  000.073: inits 2
014.996  000.838: init highlight
015.000  000.004: waiting for UI
017.212  002.211: done waiting for UI
017.234  000.022: init screen for UI
017.282  000.048: init default mappings
017.346  000.065: init default autocommands
018.646  000.127  000.127: sourcing /usr/share/nvim/runtime/ftplugin.vim
018.817  000.070  000.070: sourcing /usr/share/nvim/runtime/indent.vim
018.983  000.032  000.032: sourcing /usr/share/nvim/archlinux.vim
019.011  000.125  000.093: sourcing /etc/xdg/nvim/sysinit.vim
022.070  002.247  002.247: sourcing /home/benjamin/.local/share/nvim/site/autoload/plug.vim
029.293  000.124  000.124: sourcing /usr/share/nvim/runtime/filetype.lua
042.227  000.024  000.024: sourcing /home/benjamin/.local/share/nvim/plugged/vim-fugitive/ftdetect/fugitive.vim
042.921  013.573  013.549: sourcing /usr/share/nvim/runtime/filetype.vim
043.191  000.017  000.017: sourcing /usr/share/nvim/runtime/ftplugin.vim
043.409  000.014  000.014: sourcing /usr/share/nvim/runtime/indent.vim
043.835  000.105  000.105: sourcing /usr/share/nvim/runtime/syntax/synload.vim
043.936  000.403  000.298: sourcing /usr/share/nvim/runtime/syntax/syntax.vim
058.854  007.636  007.636: sourcing /home/benjamin/.local/share/nvim/plugged/tokyonight.nvim/colors/tokyonight.vim
058.914  039.854  015.840: sourcing /home/benjamin/.config/nvim/init.vim
058.924  001.402: sourcing vimrc file(s)
064.853  005.376  005.376: sourcing /home/benjamin/.local/share/nvim/plugged/nvim-lspconfig/plugin/lspconfig.vim
065.151  000.077  000.077: sourcing /home/benjamin/.local/share/nvim/plugged/nvim-colorizer.lua/plugin/colorizer.vim
067.920  002.518  002.518: sourcing /home/benjamin/.local/share/nvim/plugged/vim-fugitive/plugin/fugitive.vim
068.438  000.318  000.318: sourcing /home/benjamin/.local/share/nvim/plugged/vim-commentary/plugin/commentary.vim
070.580  000.830  000.830: sourcing /home/benjamin/.local/share/nvim/plugged/vim-vsnip/autoload/vital/vsnip.vim
071.259  000.204  000.204: sourcing /home/benjamin/.local/share/nvim/plugged/vim-vsnip/autoload/vital/_vsnip/VS/LSP/Position.vim
071.600  000.052  000.052: sourcing /home/benjamin/.local/share/nvim/plugged/vim-vsnip/autoload/vital/_vsnip.vim
071.964  002.449  001.364: sourcing /home/benjamin/.local/share/nvim/plugged/vim-vsnip/autoload/vsnip/snippet.vim
072.344  000.155  000.155: sourcing /home/benjamin/.local/share/nvim/plugged/vim-vsnip/autoload/vital/_vsnip/VS/LSP/TextEdit.vim
072.730  000.103  000.103: sourcing /home/benjamin/.local/share/nvim/plugged/vim-vsnip/autoload/vital/_vsnip/VS/LSP/Text.vim
073.198  000.138  000.138: sourcing /home/benjamin/.local/share/nvim/plugged/vim-vsnip/autoload/vital/_vsnip/VS/Vim/Buffer.vim
073.578  000.063  000.063: sourcing /home/benjamin/.local/share/nvim/plugged/vim-vsnip/autoload/vital/_vsnip/VS/Vim/Option.vim
074.115  000.182  000.182: sourcing /home/benjamin/.local/share/nvim/plugged/vim-vsnip/autoload/vital/_vsnip/VS/LSP/Diff.vim
074.354  005.067  001.979: sourcing /home/benjamin/.local/share/nvim/plugged/vim-vsnip/autoload/vsnip/session.vim
074.598  005.533  000.466: sourcing /home/benjamin/.local/share/nvim/plugged/vim-vsnip/autoload/vsnip.vim
075.463  006.635  001.102: sourcing /home/benjamin/.local/share/nvim/plugged/vim-vsnip/plugin/vsnip.vim
076.035  000.224  000.224: sourcing /home/benjamin/.local/share/nvim/plugged/tabular/plugin/Tabular.vim
076.230  000.046  000.046: sourcing /home/benjamin/.local/share/nvim/plugged/plenary.nvim/plugin/plenary.vim
076.465  000.050  000.050: sourcing /home/benjamin/.local/share/nvim/plugged/nvim-web-devicons/plugin/nvim-web-devicons.vim
077.325  000.355  000.355: sourcing /usr/share/nvim/runtime/plugin/gzip.vim
077.376  000.017  000.017: sourcing /usr/share/nvim/runtime/plugin/health.vim
077.584  000.147  000.147: sourcing /usr/share/nvim/runtime/plugin/man.vim
078.914  000.453  000.453: sourcing /usr/share/nvim/runtime/pack/dist/opt/matchit/plugin/matchit.vim
079.101  001.483  001.030: sourcing /usr/share/nvim/runtime/plugin/matchit.vim
079.401  000.265  000.265: sourcing /usr/share/nvim/runtime/plugin/matchparen.vim
080.029  000.592  000.592: sourcing /usr/share/nvim/runtime/plugin/netrwPlugin.vim
080.307  000.201  000.201: sourcing /usr/share/nvim/runtime/plugin/rplugin.vim
080.491  000.137  000.137: sourcing /usr/share/nvim/runtime/plugin/shada.vim
080.588  000.035  000.035: sourcing /usr/share/nvim/runtime/plugin/spellfile.vim
080.828  000.187  000.187: sourcing /usr/share/nvim/runtime/plugin/tarPlugin.vim
080.982  000.104  000.104: sourcing /usr/share/nvim/runtime/plugin/tohtml.vim
081.071  000.039  000.039: sourcing /usr/share/nvim/runtime/plugin/tutor.vim
081.522  000.404  000.404: sourcing /usr/share/nvim/runtime/plugin/zipPlugin.vim
084.631  002.755  002.755: sourcing /home/benjamin/.local/share/nvim/plugged/nvim-treesitter/plugin/nvim-treesitter.lua
086.380  001.278  001.278: sourcing /home/benjamin/.local/share/nvim/plugged/nvim-cmp/plugin/cmp.lua
086.673  000.080  000.080: sourcing /home/benjamin/.local/share/nvim/plugged/true-zen.nvim/plugin/true-zen.lua
087.665  000.529  000.529: sourcing /home/benjamin/.local/share/nvim/plugged/telescope.nvim/plugin/telescope.lua
088.223  005.445: loading rtp plugins
088.390  000.167: loading packages
093.426  003.977  003.977: sourcing /home/benjamin/.local/share/nvim/plugged/cmp-vsnip/after/plugin/cmp_vsnip.vim
094.121  000.235  000.235: sourcing /home/benjamin/.local/share/nvim/plugged/tabular/autoload/tabular.vim
096.579  002.993  002.757: sourcing /home/benjamin/.local/share/nvim/plugged/tabular/after/plugin/TabularMaps.vim
097.488  000.745  000.745: sourcing /home/benjamin/.local/share/nvim/plugged/cmp-nvim-lsp/after/plugin/cmp_nvim_lsp.lua
098.306  000.684  000.684: sourcing /home/benjamin/.local/share/nvim/plugged/cmp-buffer/after/plugin/cmp_buffer.lua
098.632  000.130  000.130: sourcing /home/benjamin/.local/share/nvim/plugged/cmp-path/after/plugin/cmp_path.lua
098.977  000.218  000.218: sourcing /home/benjamin/.local/share/nvim/plugged/cmp-cmdline/after/plugin/cmp_cmdline.lua
099.117  001.979: loading after plugins
099.134  000.017: inits 3
102.503  003.370: reading ShaDa
102.858  000.355: opening buffers
102.912  000.054: BufEnter autocommands
102.915  000.003: editing files in windows
103.035  000.120: VimEnter autocommands
103.039  000.004: UIEnter autocommands
103.041  000.002: before starting main loop
103.658  000.617: first screen update
103.662  000.004: --- NVIM STARTED ---
