

times in msec
 clock   self+sourced   self:  sourced script
 clock   elapsed:              other lines

000.016  000.016: --- NVIM STARTING ---
000.493  000.477: locale set
000.910  000.417: inits 1
000.927  000.018: window checked
000.931  000.003: parsing arguments
004.090  003.160: init lua interpreter
004.243  000.153: expanding arguments
004.279  000.035: inits 2
004.749  000.471: init highlight
004.751  000.002: waiting for UI
006.627  001.876: done waiting for UI
006.655  000.028: init screen for UI
006.693  000.038: init default mappings
006.766  000.073: init default autocommands
007.502  000.082  000.082: sourcing /usr/share/nvim/runtime/ftplugin.vim
007.613  000.047  000.047: sourcing /usr/share/nvim/runtime/indent.vim
007.718  000.022  000.022: sourcing /usr/share/nvim/archlinux.vim
007.724  000.069  000.048: sourcing /etc/xdg/nvim/sysinit.vim
009.990  001.711  001.711: sourcing /home/benjamin/.local/share/nvim/site/autoload/plug.vim
016.179  000.111  000.111: sourcing /usr/share/nvim/runtime/filetype.lua
026.296  000.025  000.025: sourcing /home/benjamin/.local/share/nvim/plugged/vim-fugitive/ftdetect/fugitive.vim
027.061  010.834  010.809: sourcing /usr/share/nvim/runtime/filetype.vim
027.373  000.022  000.022: sourcing /usr/share/nvim/runtime/ftplugin.vim
027.612  000.016  000.016: sourcing /usr/share/nvim/runtime/indent.vim
028.041  000.117  000.117: sourcing /usr/share/nvim/runtime/syntax/synload.vim
028.150  000.448  000.331: sourcing /usr/share/nvim/runtime/syntax/syntax.vim
039.016  010.473  010.473: sourcing /home/benjamin/.local/share/nvim/plugged/tokyonight.nvim/colors/tokyonight.vim
039.106  031.341  007.725: sourcing /home/benjamin/.config/nvim/init.vim
039.119  000.814: sourcing vimrc file(s)
053.561  013.844  013.844: sourcing /home/benjamin/.local/share/nvim/plugged/nvim-lspconfig/plugin/lspconfig.vim
053.801  000.053  000.053: sourcing /home/benjamin/.local/share/nvim/plugged/nvim-colorizer.lua/plugin/colorizer.vim
055.794  001.762  001.762: sourcing /home/benjamin/.local/share/nvim/plugged/vim-fugitive/plugin/fugitive.vim
056.174  000.205  000.205: sourcing /home/benjamin/.local/share/nvim/plugged/vim-commentary/plugin/commentary.vim
057.702  000.491  000.491: sourcing /home/benjamin/.local/share/nvim/plugged/vim-vsnip/autoload/vital/vsnip.vim
058.132  000.143  000.143: sourcing /home/benjamin/.local/share/nvim/plugged/vim-vsnip/autoload/vital/_vsnip/VS/LSP/Position.vim
058.321  000.034  000.034: sourcing /home/benjamin/.local/share/nvim/plugged/vim-vsnip/autoload/vital/_vsnip.vim
058.722  001.722  001.054: sourcing /home/benjamin/.local/share/nvim/plugged/vim-vsnip/autoload/vsnip/snippet.vim
059.166  000.192  000.192: sourcing /home/benjamin/.local/share/nvim/plugged/vim-vsnip/autoload/vital/_vsnip/VS/LSP/TextEdit.vim
059.652  000.124  000.124: sourcing /home/benjamin/.local/share/nvim/plugged/vim-vsnip/autoload/vital/_vsnip/VS/LSP/Text.vim
060.208  000.151  000.151: sourcing /home/benjamin/.local/share/nvim/plugged/vim-vsnip/autoload/vital/_vsnip/VS/Vim/Buffer.vim
060.648  000.090  000.090: sourcing /home/benjamin/.local/share/nvim/plugged/vim-vsnip/autoload/vital/_vsnip/VS/Vim/Option.vim
061.237  000.192  000.192: sourcing /home/benjamin/.local/share/nvim/plugged/vim-vsnip/autoload/vital/_vsnip/VS/LSP/Diff.vim
061.501  004.648  002.177: sourcing /home/benjamin/.local/share/nvim/plugged/vim-vsnip/autoload/vsnip/session.vim
061.766  005.083  000.435: sourcing /home/benjamin/.local/share/nvim/plugged/vim-vsnip/autoload/vsnip.vim
062.554  006.063  000.980: sourcing /home/benjamin/.local/share/nvim/plugged/vim-vsnip/plugin/vsnip.vim
063.046  000.244  000.244: sourcing /home/benjamin/.local/share/nvim/plugged/tabular/plugin/Tabular.vim
063.249  000.046  000.046: sourcing /home/benjamin/.local/share/nvim/plugged/plenary.nvim/plugin/plenary.vim
063.497  000.055  000.055: sourcing /home/benjamin/.local/share/nvim/plugged/nvim-web-devicons/plugin/nvim-web-devicons.vim
064.456  000.399  000.399: sourcing /usr/share/nvim/runtime/plugin/gzip.vim
064.515  000.020  000.020: sourcing /usr/share/nvim/runtime/plugin/health.vim
064.805  000.219  000.219: sourcing /usr/share/nvim/runtime/plugin/man.vim
065.990  000.280  000.280: sourcing /usr/share/nvim/runtime/pack/dist/opt/matchit/plugin/matchit.vim
066.147  001.306  001.027: sourcing /usr/share/nvim/runtime/plugin/matchit.vim
066.366  000.187  000.187: sourcing /usr/share/nvim/runtime/plugin/matchparen.vim
067.218  000.817  000.817: sourcing /usr/share/nvim/runtime/plugin/netrwPlugin.vim
067.582  000.294  000.294: sourcing /usr/share/nvim/runtime/plugin/rplugin.vim
067.886  000.255  000.255: sourcing /usr/share/nvim/runtime/plugin/shada.vim
067.978  000.037  000.037: sourcing /usr/share/nvim/runtime/plugin/spellfile.vim
068.279  000.243  000.243: sourcing /usr/share/nvim/runtime/plugin/tarPlugin.vim
068.433  000.103  000.103: sourcing /usr/share/nvim/runtime/plugin/tohtml.vim
068.495  000.027  000.027: sourcing /usr/share/nvim/runtime/plugin/tutor.vim
068.771  000.241  000.241: sourcing /usr/share/nvim/runtime/plugin/zipPlugin.vim
079.887  010.692  010.692: sourcing /home/benjamin/.local/share/nvim/plugged/nvim-treesitter/plugin/nvim-treesitter.lua
082.957  002.662  002.662: sourcing /home/benjamin/.local/share/nvim/plugged/nvim-cmp/plugin/cmp.lua
083.251  000.082  000.082: sourcing /home/benjamin/.local/share/nvim/plugged/true-zen.nvim/plugin/true-zen.lua
083.960  000.449  000.449: sourcing /home/benjamin/.local/share/nvim/plugged/telescope.nvim/plugin/telescope.lua
084.403  004.983: loading rtp plugins
084.567  000.164: loading packages
093.820  008.903  008.903: sourcing /home/benjamin/.local/share/nvim/plugged/cmp-vsnip/after/plugin/cmp_vsnip.vim
094.499  000.236  000.236: sourcing /home/benjamin/.local/share/nvim/plugged/tabular/autoload/tabular.vim
096.636  002.678  002.442: sourcing /home/benjamin/.local/share/nvim/plugged/tabular/after/plugin/TabularMaps.vim
097.498  000.716  000.716: sourcing /home/benjamin/.local/share/nvim/plugged/cmp-nvim-lsp/after/plugin/cmp_nvim_lsp.lua
098.512  000.883  000.883: sourcing /home/benjamin/.local/share/nvim/plugged/cmp-buffer/after/plugin/cmp_buffer.lua
099.123  000.480  000.480: sourcing /home/benjamin/.local/share/nvim/plugged/cmp-path/after/plugin/cmp_path.lua
099.659  000.386  000.386: sourcing /home/benjamin/.local/share/nvim/plugged/cmp-cmdline/after/plugin/cmp_cmdline.lua
099.801  001.187: loading after plugins
099.824  000.023: inits 3
103.254  003.429: reading ShaDa
103.418  000.164: opening buffers
103.459  000.041: BufEnter autocommands
103.463  000.004: editing files in windows
103.573  000.110: VimEnter autocommands
103.576  000.004: UIEnter autocommands
103.578  000.002: before starting main loop
103.980  000.402: first screen update
103.983  000.003: --- NVIM STARTED ---
